<?xml version="1.0" encoding="UTF-8"?>
<!-- Generated by org.testng.reporters.JUnitReportReporter -->
<testsuite skipped="0" hostname="HIPUNL62999" name="com.crm.qa.testCases.ContactsPageTest" tests="1" failures="0" timestamp="2021-03-31T19:20:09 IST" time="39.054" errors="0">
  <testcase name="AddContactsTest" time="39.054" classname="com.crm.qa.testCases.ContactsPageTest"/>
  <system-out/>
</testsuite> <!-- com.crm.qa.testCases.ContactsPageTest -->
